<?xml version="1.0" encoding="UTF-8"?>
<!-- Generated by org.testng.reporters.JUnitReportReporter -->
<testsuite name="com.hrm.scripts.CreateDeleteEmployee" tests="1" time="13.958" ignored="0" failures="0" timestamp="18 Jan 2017 07:53:57 GMT" skipped="0" hostname="qsp-PC" errors="0">
  <testcase name="testCreateDeleteEmployee" time="13.958" classname="com.hrm.scripts.CreateDeleteEmployee"/>
</testsuite> <!-- com.hrm.scripts.CreateDeleteEmployee -->
