<?xml version="1.0" encoding="UTF-8"?>
<!-- Generated by org.testng.reporters.JUnitReportReporter -->
<testsuite name="com.hrm.scripts.ImplicitLoginScenario" tests="1" time="5.483" ignored="12" failures="0" timestamp="19 Jan 2017 06:13:55 GMT" skipped="0" hostname="qsp-PC" errors="0">
  <testcase name="testLoginScenario" time="5.483" classname="com.hrm.scripts.ImplicitLoginScenario"/>
  <testcase name="initBrowser" classname="com.hrm.common.BaseTest">
    <skipped/>
  </testcase> <!-- initBrowser -->
  <testcase name="initBrowser" classname="com.hrm.common.BaseTest">
    <skipped/>
  </testcase> <!-- initBrowser -->
  <testcase name="initBrowser" classname="com.hrm.common.BaseTest">
    <skipped/>
  </testcase> <!-- initBrowser -->
  <testcase name="initFrameWork" classname="com.hrm.common.BaseTest">
    <skipped/>
  </testcase> <!-- initFrameWork -->
  <testcase name="initFrameWork" classname="com.hrm.common.BaseTest">
    <skipped/>
  </testcase> <!-- initFrameWork -->
  <testcase name="initFrameWork" classname="com.hrm.common.BaseTest">
    <skipped/>
  </testcase> <!-- initFrameWork -->
  <testcase name="closeBrowser" classname="com.hrm.common.BaseTest">
    <skipped/>
  </testcase> <!-- closeBrowser -->
  <testcase name="closeBrowser" classname="com.hrm.common.BaseTest">
    <skipped/>
  </testcase> <!-- closeBrowser -->
  <testcase name="closeBrowser" classname="com.hrm.common.BaseTest">
    <skipped/>
  </testcase> <!-- closeBrowser -->
  <testcase name="closeFrameWork" classname="com.hrm.common.BaseTest">
    <skipped/>
  </testcase> <!-- closeFrameWork -->
  <testcase name="closeFrameWork" classname="com.hrm.common.BaseTest">
    <skipped/>
  </testcase> <!-- closeFrameWork -->
  <testcase name="closeFrameWork" classname="com.hrm.common.BaseTest">
    <skipped/>
  </testcase> <!-- closeFrameWork -->
</testsuite> <!-- com.hrm.scripts.ImplicitLoginScenario -->
